<?xml version="1.0" encoding="UTF-8"?>
<!-- Generated by org.testng.reporters.JUnitReportReporter -->
<testsuite hostname="Admin-PC" name="com.testProject.Test1" tests="1" failures="0" timestamp="23 Mar 2020 11:05:51 GMT" time="2.882" errors="0">
  <testcase name="getResourceTest" time="2.882" classname="com.testProject.Test1"/>
</testsuite> <!-- com.testProject.Test1 -->
